[debug] [2023-02-03T13:05:09.263Z] ----------------------------------------------------------------------
[debug] [2023-02-03T13:05:09.266Z] Command:       /usr/local/bin/node /usr/local/bin/firebase init hosting
[debug] [2023-02-03T13:05:09.266Z] CLI Version:   11.22.0
[debug] [2023-02-03T13:05:09.266Z] Platform:      linux
[debug] [2023-02-03T13:05:09.266Z] Node Version:  v18.13.0
[debug] [2023-02-03T13:05:09.267Z] Time:          Fri Feb 03 2023 14:05:09 GMT+0100 (West Africa Standard Time)
[debug] [2023-02-03T13:05:09.267Z] ----------------------------------------------------------------------
[debug] 
[debug] [2023-02-03T13:05:09.271Z] >>> [apiv2][query] GET https://firebase-public.firebaseio.com/cli.json [none]
[debug] [2023-02-03T13:05:09.320Z] > command requires scopes: ["email","openid","https://www.googleapis.com/auth/cloudplatformprojects.readonly","https://www.googleapis.com/auth/firebase","https://www.googleapis.com/auth/cloud-platform"]
[debug] [2023-02-03T13:05:09.320Z] > authorizing via signed-in user (mbianoubradon2000@gmail.com)
[info] 
     ######## #### ########  ######## ########     ###     ######  ########
     ##        ##  ##     ## ##       ##     ##  ##   ##  ##       ##
     ######    ##  ########  ######   ########  #########  ######  ######
     ##        ##  ##    ##  ##       ##     ## ##     ##       ## ##
     ##       #### ##     ## ######## ########  ##     ##  ######  ########

You're about to initialize a Firebase project in this directory:

  /home/bradon/Desktop/iknite-portfolio-management-system

[info] 
=== Project Setup
[info] 
[info] First, let's associate this project directory with a Firebase project.
[info] You can create multiple project aliases by running firebase use --add, 
[info] but for now we'll just set up a default project.
[info] 
[debug] [2023-02-03T13:05:11.469Z] >>> [apiv2][query] GET https://firebase.googleapis.com/v1beta1/projects pageSize=100
[debug] [2023-02-03T13:05:14.146Z] <<< [apiv2][status] GET https://firebase.googleapis.com/v1beta1/projects 200
[debug] [2023-02-03T13:05:14.147Z] <<< [apiv2][body] GET https://firebase.googleapis.com/v1beta1/projects [omitted]
[info] i  Using project spacein-2fb11 (Spacein) 
[info] 
=== Hosting Setup
[info] 
[info] Your public directory is the folder (relative to your project directory) that
[info] will contain Hosting assets to be uploaded with firebase deploy. If you
[info] have a build process for your assets, use your build's output directory.
[info] 
[debug] [2023-02-03T13:05:36.730Z] >>> [apiv2][query] GET https://www.gstatic.com/firebasejs/releases.json [none]
[debug] [2023-02-03T13:05:38.864Z] <<< [apiv2][status] GET https://www.gstatic.com/firebasejs/releases.json 200
[debug] [2023-02-03T13:05:38.864Z] <<< [apiv2][body] GET https://www.gstatic.com/firebasejs/releases.json {"current":{"version":"9.17.0","browserURL":"https://www.gstatic.com/firebasejs/9.17.0/firebase.js","packageURL":"https://www.gstatic.com/firebasejs/9.17.0/firebase.tgz"},"live":{"version":"9.17","browserURL":"https://www.gstatic.com/firebasejs/live/9.17/firebase.js","packageURL":"https://www.gstatic.com/firebasejs/live/9.17/firebase.tgz"},"components":{"analytics":"https://www.gstatic.com/firebasejs/9.17.0/firebase-analytics.js","app":"https://www.gstatic.com/firebasejs/9.17.0/firebase-app.js","app-check":"https://www.gstatic.com/firebasejs/9.17.0/firebase-app-check.js","auth":"https://www.gstatic.com/firebasejs/9.17.0/firebase-auth.js","auth/cordova":"https://www.gstatic.com/firebasejs/9.17.0/firebase-auth/cordova.js","auth/react-native":"https://www.gstatic.com/firebasejs/9.17.0/firebase-auth/react-native.js","functions":"https://www.gstatic.com/firebasejs/9.17.0/firebase-functions.js","firestore":"https://www.gstatic.com/firebasejs/9.17.0/firebase-firestore.js","firestore/lite":"https://www.gstatic.com/firebasejs/9.17.0/firebase-firestore/lite.js","installations":"https://www.gstatic.com/firebasejs/9.17.0/firebase-installations.js","storage":"https://www.gstatic.com/firebasejs/9.17.0/firebase-storage.js","performance":"https://www.gstatic.com/firebasejs/9.17.0/firebase-performance.js","remote-config":"https://www.gstatic.com/firebasejs/9.17.0/firebase-remote-config.js","messaging":"https://www.gstatic.com/firebasejs/9.17.0/firebase-messaging.js","messaging/sw":"https://www.gstatic.com/firebasejs/9.17.0/firebase-messaging/sw.js","database":"https://www.gstatic.com/firebasejs/9.17.0/firebase-database.js","firestore.memory":"https://www.gstatic.com/firebasejs/9.17.0/firebase-firestore.memory.js"}}
[info] ✔  Wrote yes/index.html 
[info] 
[info] i  Detected a .git folder at /home/bradon/Desktop/iknite-portfolio-management-system 
[info] i  Authorizing with GitHub to upload your service account to a GitHub repository's secrets store. 
[info] 
[info] Visit this URL on this device to log in:
[info] https://github.com/login/oauth/authorize?client_id=89cf50f02ac6aaed3484&state=557716795&redirect_uri=http%3A%2F%2Flocalhost%3A9005&scope=read%3Auser%20repo%20public_repo
[info] 
[info] Waiting for authentication...
[debug] [2023-02-03T13:05:52.647Z] >>> [apiv2][query] POST https://github.com/login/oauth/access_token [none]
[debug] [2023-02-03T13:05:52.647Z] >>> [apiv2][body] POST https://github.com/login/oauth/access_token [stream]
[debug] [2023-02-03T13:06:24.003Z] <<< [apiv2][status] POST https://github.com/login/oauth/access_token 200
[debug] [2023-02-03T13:06:24.003Z] <<< [apiv2][body] POST https://github.com/login/oauth/access_token {"access_token":"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","token_type":"bearer","scope":"read:user,repo"}
[debug] [2023-02-03T13:06:24.017Z] >>> [apiv2][query] GET https://api.github.com/user [none]
[warn] ⚠  Unable to fetch the CLI MOTD and remote config. 
[debug] [2023-02-03T13:07:19.484Z] Failed to fetch MOTD FirebaseError: Failed to make request to https://firebase-public.firebaseio.com/cli.json
[debug] [2023-02-03T13:08:44.366Z] Error: Timed out.
    at Timeout._onTimeout (/usr/local/lib/node_modules/firebase-tools/lib/utils.js:253:49)
    at listOnTimeout (node:internal/timers:564:17)
    at process.processTimers (node:internal/timers:507:7)
[error] 
[error] Error: An unexpected error has occurred.
[debug] [2023-02-03T13:09:02.573Z] ----------------------------------------------------------------------
[debug] [2023-02-03T13:09:02.576Z] Command:       /usr/local/bin/node /usr/local/bin/firebase init hosting
[debug] [2023-02-03T13:09:02.576Z] CLI Version:   11.22.0
[debug] [2023-02-03T13:09:02.577Z] Platform:      linux
[debug] [2023-02-03T13:09:02.577Z] Node Version:  v18.13.0
[debug] [2023-02-03T13:09:02.577Z] Time:          Fri Feb 03 2023 14:09:02 GMT+0100 (West Africa Standard Time)
[debug] [2023-02-03T13:09:02.578Z] ----------------------------------------------------------------------
[debug] 
[debug] [2023-02-03T13:09:02.581Z] >>> [apiv2][query] GET https://firebase-public.firebaseio.com/cli.json [none]
[debug] [2023-02-03T13:09:02.634Z] > command requires scopes: ["email","openid","https://www.googleapis.com/auth/cloudplatformprojects.readonly","https://www.googleapis.com/auth/firebase","https://www.googleapis.com/auth/cloud-platform"]
[debug] [2023-02-03T13:09:02.634Z] > authorizing via signed-in user (mbianoubradon2000@gmail.com)
[info] 
     ######## #### ########  ######## ########     ###     ######  ########
     ##        ##  ##     ## ##       ##     ##  ##   ##  ##       ##
     ######    ##  ########  ######   ########  #########  ######  ######
     ##        ##  ##    ##  ##       ##     ## ##     ##       ## ##
     ##       #### ##     ## ######## ########  ##     ##  ######  ########

You're about to initialize a Firebase project in this directory:

  /home/bradon/Desktop/iknite-portfolio-management-system

[info] 
=== Project Setup
[info] 
[info] First, let's associate this project directory with a Firebase project.
[info] You can create multiple project aliases by running firebase use --add, 
[info] but for now we'll just set up a default project.
[info] 
[debug] [2023-02-03T13:09:10.384Z] > refreshing access token with scopes: []
[debug] [2023-02-03T13:09:10.385Z] >>> [apiv2][query] POST https://www.googleapis.com/oauth2/v3/token [none]
[debug] [2023-02-03T13:09:10.385Z] >>> [apiv2][body] POST https://www.googleapis.com/oauth2/v3/token [omitted]
[debug] [2023-02-03T13:09:27.469Z] <<< [apiv2][status] POST https://www.googleapis.com/oauth2/v3/token 200
[debug] [2023-02-03T13:09:27.470Z] <<< [apiv2][body] POST https://www.googleapis.com/oauth2/v3/token [omitted]
[debug] [2023-02-03T13:09:27.572Z] >>> [apiv2][query] GET https://firebase.googleapis.com/v1beta1/projects pageSize=100
[debug] [2023-02-03T13:09:29.784Z] <<< [apiv2][status] GET https://firebase.googleapis.com/v1beta1/projects 200
[debug] [2023-02-03T13:09:29.784Z] <<< [apiv2][body] GET https://firebase.googleapis.com/v1beta1/projects [omitted]
[warn] ⚠  Unable to fetch the CLI MOTD and remote config. 
[debug] [2023-02-03T13:11:12.955Z] Failed to fetch MOTD FirebaseError: Failed to make request to https://firebase-public.firebaseio.com/cli.json
